#
# There is insufficient memory for the Java Runtime Environment to continue.
# Native memory allocation (mmap) failed to map 65536 bytes. Error detail: Failed to commit metaspace.
# Possible reasons:
#   The system is out of physical RAM or swap space
#   This process is running with CompressedOops enabled, and the Java Heap may be blocking the growth of the native heap
# Possible solutions:
#   Reduce memory load on the system
#   Increase physical memory or swap space
#   Check if swap backing store is full
#   Decrease Java heap size (-Xmx/-Xms)
#   Decrease number of Java threads
#   Decrease Java thread stack sizes (-Xss)
#   Set larger code cache with -XX:ReservedCodeCacheSize=
#   JVM is running with Zero Based Compressed Oops mode in which the Java heap is
#     placed in the first 32GB address space. The Java Heap base address is the
#     maximum limit for the native heap growth. Please use -XX:HeapBaseMinAddress
#     to set the Java Heap base and to place the Java Heap above 32GB virtual address.
# This output file may be truncated or incomplete.
#
#  Out of Memory Error (virtualSpaceNode.cpp:113), pid=17268, tid=24552
#
# JRE version: OpenJDK Runtime Environment Corretto-23.0.2.7.1 (23.0.2+7) (build 23.0.2+7-FR)
# Java VM: OpenJDK 64-Bit Server VM Corretto-23.0.2.7.1 (23.0.2+7-FR, mixed mode, emulated-client, sharing, tiered, compressed oops, compressed class ptrs, g1 gc, windows-amd64)
# No core dump will be written. Minidumps are not enabled by default on client versions of Windows
#

---------------  S U M M A R Y ------------

Command Line: -XX:TieredStopAtLevel=1 -Dspring.output.ansi.enabled=always -Dcom.sun.management.jmxremote -Dspring.jmx.enabled=true -Dspring.liveBeansView.mbeanDomain -Dspring.application.admin.enabled=true -Dmanagement.endpoints.jmx.exposure.include=* -javaagent:C:\Users\USUARIO\AppData\Local\Programs\IntelliJ IDEA Ultimate\lib\idea_rt.jar=52630 -Dfile.encoding=UTF-8 -Dsun.stdout.encoding=UTF-8 -Dsun.stderr.encoding=UTF-8 pe.edu.upc.center.backendNutriSmart.BackendNutriSmartApplication

Host: Intel(R) Core(TM) i5-9400F CPU @ 2.90GHz, 6 cores, 23G,  Windows 11 , 64 bit Build 26100 (10.0.26100.4484)
Time: Thu Jul 10 18:35:26 2025 SA Pacific Standard Time elapsed time: 0.636843 seconds (0d 0h 0m 0s)

---------------  T H R E A D  ---------------

Current thread (0x00000290c980f660):  JavaThread "main"             [_thread_in_vm, id=24552, stack(0x000000d10a300000,0x000000d10a400000) (1024K)]

Stack: [0x000000d10a300000,0x000000d10a400000]
Native frames: (J=compiled Java code, j=interpreted, Vv=VM code, C=native code)
V  [jvm.dll+0x6f3b69]  (no source info available)
V  [jvm.dll+0x8e5d05]  (no source info available)
V  [jvm.dll+0x8e7fbe]  (no source info available)
V  [jvm.dll+0x8e86a3]  (no source info available)
V  [jvm.dll+0x285ee6]  (no source info available)
V  [jvm.dll+0x8e191e]  (no source info available)
V  [jvm.dll+0x6923e5]  (no source info available)
V  [jvm.dll+0x69244a]  (no source info available)
V  [jvm.dll+0x694c9a]  (no source info available)
V  [jvm.dll+0x22b8ac]  (no source info available)
V  [jvm.dll+0x692dde]  (no source info available)
V  [jvm.dll+0x3cb47f]  (no source info available)
V  [jvm.dll+0x21397b]  (no source info available)
V  [jvm.dll+0x5cd877]  (no source info available)
V  [jvm.dll+0x223402]  (no source info available)
V  [jvm.dll+0x8591c0]  (no source info available)
V  [jvm.dll+0x85a225]  (no source info available)
V  [jvm.dll+0x85a826]  (no source info available)
V  [jvm.dll+0x85a4b8]  (no source info available)
V  [jvm.dll+0x2731eb]  (no source info available)
V  [jvm.dll+0x3e167e]  (no source info available)
C  0x00000290d457932c  (no source info available)

The last pc belongs to new (printed below).
Java frames: (J=compiled Java code, j=interpreted, Vv=VM code)
j  sun.security.jca.ProviderList.<init>([Lsun/security/jca/ProviderConfig;Z)V+5 java.base@23.0.2
j  sun.security.jca.ProviderList.<clinit>()V+34 java.base@23.0.2
v  ~StubRoutines::call_stub 0x00000290d4560fcd
j  sun.security.jca.Providers.<clinit>()V+10 java.base@23.0.2
v  ~StubRoutines::call_stub 0x00000290d4560fcd
j  java.security.SecureRandom.getDefaultPRNG(Z[B)V+5 java.base@23.0.2
j  java.security.SecureRandom.<init>()V+23 java.base@23.0.2
j  java.rmi.server.UID.<init>()V+20 java.rmi@23.0.2
j  java.rmi.server.ObjID.<clinit>()V+14 java.rmi@23.0.2
v  ~StubRoutines::call_stub 0x00000290d4560fcd
j  sun.rmi.transport.LiveRef.<init>(ILjava/rmi/server/RMIClientSocketFactory;Ljava/rmi/server/RMIServerSocketFactory;)V+1 java.rmi@23.0.2
j  sun.rmi.server.UnicastServerRef2.<init>(ILjava/rmi/server/RMIClientSocketFactory;Ljava/rmi/server/RMIServerSocketFactory;Ljava/io/ObjectInputFilter;)V+8 java.rmi@23.0.2
j  sun.management.jmxremote.ConnectorBootstrap$PermanentExporter.exportObject(Ljava/rmi/Remote;ILjava/rmi/server/RMIClientSocketFactory;Ljava/rmi/server/RMIServerSocketFactory;Ljava/io/ObjectInputFilter;)Ljava/rmi/Remote;+72 jdk.management.agent@23.0.2
j  javax.management.remote.rmi.RMIJRMPServerImpl.export(Ljava/rmi/Remote;Ljava/io/ObjectInputFilter;)V+62 java.management.rmi@23.0.2
j  javax.management.remote.rmi.RMIJRMPServerImpl.export()V+6 java.management.rmi@23.0.2
j  javax.management.remote.rmi.RMIConnectorServer.start()V+246 java.management.rmi@23.0.2
j  sun.management.jmxremote.ConnectorBootstrap.startLocalConnectorServer()Ljavax/management/remote/JMXConnectorServer;+290 jdk.management.agent@23.0.2
j  jdk.internal.agent.Agent.startLocalManagementAgent()V+13 jdk.management.agent@23.0.2
j  jdk.internal.agent.Agent.startAgent(Ljava/util/Properties;)V+58 jdk.management.agent@23.0.2
j  jdk.internal.agent.Agent.startAgent()V+20 jdk.management.agent@23.0.2
v  ~StubRoutines::call_stub 0x00000290d4560fcd
Lock stack of current Java thread (top to bottom):
LockStack[1]: java.lang.Object 
{0x0000000697da5990} - klass: 'java/lang/Object'
 - ---- fields (total size 2 words):
LockStack[0]: javax.management.remote.rmi.RMIConnectorServer 
{0x0000000697d83dc0} - klass: 'javax/management/remote/rmi/RMIConnectorServer'
 - ---- fields (total size 8 words):
 - private 'listenerList' 'Ljava/util/List;' @12  a 'java/util/concurrent/CopyOnWriteArrayList'{0x0000000697d83e00} (0xd2fb07c0)
 - private final 'executor' 'Ljava/util/concurrent/Executor;' @16  a 'javax/management/NotificationBroadcasterSupport$1'{0x0000000698584b18} (0xd30b0963)
 - private final 'notifInfo' '[Ljavax/management/MBeanNotificationInfo;' @20  a 'javax/management/MBeanNotificationInfo'[0] {0x0000000698584b28} (0xd30b0965)
 - private 'mbeanServer' 'Ljavax/management/MBeanServer;' @24  a 'com/sun/jmx/mbeanserver/JmxMBeanServer'{0x0000000698585590} (0xd30b0ab2)
 - private 'myName' 'Ljavax/management/ObjectName;' @28  null (0x00000000)
 - private final 'connectionIds' 'Ljava/util/List;' @32  a 'java/util/ArrayList'{0x0000000697d83e38} (0xd2fb07c7)
 - private 'state' 'I' @36  0 (0x00000000)
 - private 'address' 'Ljavax/management/remote/JMXServiceURL;' @40  a 'javax/management/remote/JMXServiceURL'{0x0000000697d74178} (0xd2fae82f)
 - private 'rmiServerImpl' 'Ljavax/management/remote/rmi/RMIServerImpl;' @44  null (0x00000000)
 - private final 'attributes' 'Ljava/util/Map;' @48  a 'java/util/Collections$UnmodifiableMap'{0x0000000697d827d8} (0xd2fb04fb)
 - private 'defaultClassLoader' 'Ljava/lang/ClassLoader;' @52  a 'jdk/internal/loader/ClassLoaders$AppClassLoader'{0x0000000698dbdfc8} (0xd31b7bf9)
 - private 'boundJndiUrl' 'Ljava/lang/String;' @56  null (0x00000000)

new  187 new  [0x00000290d45791a0, 0x00000290d45793b0]  528 bytes
[MachCode]
  0x00000290d45791a0: 4883 ec08 | c5fa 1104 | 24eb 1f48 | 83ec 10c5 | fb11 0424 | eb14 4883 | ec10 4889 | 0424 48c7 
  0x00000290d45791c0: 4424 0800 | 0000 00eb | 0150 410f | b755 010f | cac1 ea10 | 488b 4de8 | 488b 4908 | 488b 4908 
  0x00000290d45791e0: 488b 4108 | 807c 1004 | 070f 85e0 | 0000 0066 | 8b54 d148 | 488b 4928 | 488b 4cd1 | 0851 80b9 
  0x00000290d4579200: 3101 0000 | 040f 840d | 0000 004c | 3bb9 3801 | 0000 0f85 | b600 0000 | 8b51 08f6 | c201 0f85 
  0x00000290d4579220: aa00 0000 | 498b 87b8 | 0100 0048 | 8d1c 1049 | 3b9f c801 | 0000 0f87 | 9200 0000 | 4989 9fb8 
  0x00000290d4579240: 0100 0048 | 83ea 100f | 840f 0000 | 0033 c9c1 | ea03 4889 | 4cd0 0848 | ffca 75f6 | 48c7 0001 
  0x00000290d4579260: 0000 0059 | 33f6 8970 | 0c49 ba00 | 0000 8090 | 0200 0049 | 2bca 8948 | 0849 ba45 | f1bb a4f9 
  0x00000290d4579280: 7f00 0041 | 803a 000f | 843c 0000 | 0050 488b | c848 83ec | 2040 f6c4 | 0f0f 8419 | 0000 0048 
  0x00000290d45792a0: 83ec 0848 | b890 2f65 | a4f9 7f00 | 00ff d048 | 83c4 08e9 | 0c00 0000 | 48b8 902f | 65a4 f97f 
  0x00000290d45792c0: 0000 ffd0 | 4883 c420 | 58e9 cb00 | 0000 5948 | 8b55 e848 | 8b52 0848 | 8b52 0845 | 0fb7 4501 
  0x00000290d45792e0: 410f c841 | c1e8 10e8 | 0500 0000 | e9a8 0000 | 0048 8d44 | 2408 4c89 | 6dc0 498b | cfc5 f877 
  0x00000290d4579300: 4989 afb0 | 0300 0049 | 8987 a003 | 0000 4883 | ec20 40f6 | c40f 0f84 | 1900 0000 | 4883 ec08 
  0x00000290d4579320: 48b8 3016 | 2da4 f97f | 0000 ffd0 | 4883 c408 | e90c 0000 | 0048 b830 | 162d a4f9 | 7f00 00ff 
  0x00000290d4579340: d048 83c4 | 2049 c787 | a003 0000 | 0000 0000 | 49c7 87b0 | 0300 0000 | 0000 0049 | c787 a803 
  0x00000290d4579360: 0000 0000 | 0000 c5f8 | 7749 837f | 0800 0f84 | 0500 0000 | e947 7bfe | ff49 8b87 | f803 0000 
  0x00000290d4579380: 49c7 87f8 | 0300 0000 | 0000 004c | 8b6d c04c | 8b75 c84e | 8d74 f500 | c341 0fb6 | 5d03 4983 
  0x00000290d45793a0: c503 49ba | 30bb bfa4 | f97f 0000 | 41ff 24da 
[/MachCode]

---------------  P R O C E S S  ---------------

Threads class SMR info:
_java_thread_list=0x00000290c55469a0, length=13, elements={
0x00000290c980f660, 0x00000290e1539da0, 0x00000290e153b720, 0x00000290e153eeb0,
0x00000290e153f910, 0x00000290e1540370, 0x00000290e1543df0, 0x00000290e1544850,
0x00000290c5030230, 0x00000290c5081f20, 0x00000290c551b2e0, 0x00000290c551bd50,
0x00000290c5654560
}

Java Threads: ( => current thread )
=>0x00000290c980f660 JavaThread "main"                              [_thread_in_vm, id=24552, stack(0x000000d10a300000,0x000000d10a400000) (1024K)]
  0x00000290e1539da0 JavaThread "Reference Handler"          daemon [_thread_blocked, id=31408, stack(0x000000d10ab00000,0x000000d10ac00000) (1024K)]
  0x00000290e153b720 JavaThread "Finalizer"                  daemon [_thread_blocked, id=31236, stack(0x000000d10ac00000,0x000000d10ad00000) (1024K)]
  0x00000290e153eeb0 JavaThread "Signal Dispatcher"          daemon [_thread_blocked, id=25852, stack(0x000000d10ad00000,0x000000d10ae00000) (1024K)]
  0x00000290e153f910 JavaThread "Attach Listener"            daemon [_thread_blocked, id=22084, stack(0x000000d10ae00000,0x000000d10af00000) (1024K)]
  0x00000290e1540370 JavaThread "Service Thread"             daemon [_thread_blocked, id=21524, stack(0x000000d10af00000,0x000000d10b000000) (1024K)]
  0x00000290e1543df0 JavaThread "Monitor Deflation Thread"   daemon [_thread_blocked, id=13304, stack(0x000000d10b000000,0x000000d10b100000) (1024K)]
  0x00000290e1544850 JavaThread "C1 CompilerThread0"         daemon [_thread_blocked, id=14764, stack(0x000000d10b100000,0x000000d10b200000) (1024K)]
  0x00000290c5030230 JavaThread "C1 CompilerThread1"         daemon [_thread_blocked, id=29448, stack(0x000000d10b200000,0x000000d10b300000) (1024K)]
  0x00000290c5081f20 JavaThread "Common-Cleaner"             daemon [_thread_blocked, id=6284, stack(0x000000d10b300000,0x000000d10b400000) (1024K)]
  0x00000290c551b2e0 JavaThread "Monitor Ctrl-Break"         daemon [_thread_in_native, id=11560, stack(0x000000d10b400000,0x000000d10b500000) (1024K)]
  0x00000290c551bd50 JavaThread "Notification Thread"        daemon [_thread_blocked, id=18184, stack(0x000000d10b500000,0x000000d10b600000) (1024K)]
  0x00000290c5654560 JavaThread "C1 CompilerThread2"         daemon [_thread_blocked, id=21760, stack(0x000000d10b600000,0x000000d10b700000) (1024K)]
Total: 13

Other Threads:
  0x00000290e1520850 VMThread "VM Thread"                           [id=13992, stack(0x000000d10aa00000,0x000000d10ab00000) (1024K)]
  0x00000290e150cc40 WatcherThread "VM Periodic Task Thread"        [id=16520, stack(0x000000d10a900000,0x000000d10aa00000) (1024K)]
  0x00000290cbc5fa60 WorkerThread "GC Thread#0"                     [id=24104, stack(0x000000d10a400000,0x000000d10a500000) (1024K)]
  0x00000290cbc6f920 ConcurrentGCThread "G1 Main Marker"            [id=9964, stack(0x000000d10a500000,0x000000d10a600000) (1024K)]
  0x00000290cbc70340 WorkerThread "G1 Conc#0"                       [id=13368, stack(0x000000d10a600000,0x000000d10a700000) (1024K)]
  0x00000290e13dcea0 ConcurrentGCThread "G1 Refine#0"               [id=21376, stack(0x000000d10a700000,0x000000d10a800000) (1024K)]
  0x00000290e13de850 ConcurrentGCThread "G1 Service"                [id=9640, stack(0x000000d10a800000,0x000000d10a900000) (1024K)]
Total: 7

Threads with active compile tasks:
Total: 0

VM state: not at safepoint (normal execution)

VM Mutex/Monitor currently owned by a thread:  ([mutex/lock_event])
[0x00007ff9a4be5cd8] Metaspace_lock - owner thread: 0x00000290c980f660

Heap address: 0x0000000681000000, size: 6128 MB, Compressed Oops mode: Zero based, Oop shift amount: 3

CDS archive(s) mapped at: [0x0000029080000000-0x0000029080d70000-0x0000029080d70000), size 14090240, SharedBaseAddress: 0x0000029080000000, ArchiveRelocationMode: 1.
Compressed class space mapped at: 0x0000029081000000-0x00000290c1000000, reserved size: 1073741824
Narrow klass base: 0x0000029080000000, Narrow klass shift: 0, Narrow klass range: 0x41000000

GC Precious Log:
 CardTable entry size: 512
 Card Set container configuration: InlinePtr #cards 4 size 8 Array Of Cards #cards 32 size 80 Howl #buckets 8 coarsen threshold 7372 Howl Bitmap #cards 1024 size 144 coarsen threshold 921 Card regions per heap region 1 cards per card region 8192
 CPUs: 6 total, 6 available
 Memory: 24505M
 Large Page Support: Disabled
 NUMA Support: Disabled
 Compressed Oops: Enabled (Zero based)
 Heap Region Size: 4M
 Heap Min Capacity: 8M
 Heap Initial Capacity: 384M
 Heap Max Capacity: 6128M
 Pre-touch: Disabled
 Parallel Workers: 6
 Concurrent Workers: 2
 Concurrent Refinement Workers: 6
 Periodic GC: Disabled

Heap:
 garbage-first heap   total reserved 6275072K, committed 393216K, used 12288K [0x0000000681000000, 0x0000000800000000)
  region size 4096K, 5 young (20480K), 0 survivors (0K)
 Metaspace       used 4402K, committed 4608K, reserved 1114112K
  class space    used 549K, committed 640K, reserved 1048576K

Heap Regions: E=young(eden), S=young(survivor), O=old, HS=humongous(starts), HC=humongous(continues), CS=collection set, F=free, TAMS=top-at-mark-start, PB=parsable bottom
|   0|0x0000000681000000, 0x0000000681000000, 0x0000000681400000|  0%| F|  |TAMS 0x0000000681000000| PB 0x0000000681000000| Untracked |  0
|   1|0x0000000681400000, 0x0000000681400000, 0x0000000681800000|  0%| F|  |TAMS 0x0000000681400000| PB 0x0000000681400000| Untracked |  0
|   2|0x0000000681800000, 0x0000000681800000, 0x0000000681c00000|  0%| F|  |TAMS 0x0000000681800000| PB 0x0000000681800000| Untracked |  0
|   3|0x0000000681c00000, 0x0000000681c00000, 0x0000000682000000|  0%| F|  |TAMS 0x0000000681c00000| PB 0x0000000681c00000| Untracked |  0
|   4|0x0000000682000000, 0x0000000682000000, 0x0000000682400000|  0%| F|  |TAMS 0x0000000682000000| PB 0x0000000682000000| Untracked |  0
|   5|0x0000000682400000, 0x0000000682400000, 0x0000000682800000|  0%| F|  |TAMS 0x0000000682400000| PB 0x0000000682400000| Untracked |  0
|   6|0x0000000682800000, 0x0000000682800000, 0x0000000682c00000|  0%| F|  |TAMS 0x0000000682800000| PB 0x0000000682800000| Untracked |  0
|   7|0x0000000682c00000, 0x0000000682c00000, 0x0000000683000000|  0%| F|  |TAMS 0x0000000682c00000| PB 0x0000000682c00000| Untracked |  0
|   8|0x0000000683000000, 0x0000000683000000, 0x0000000683400000|  0%| F|  |TAMS 0x0000000683000000| PB 0x0000000683000000| Untracked |  0
|   9|0x0000000683400000, 0x0000000683400000, 0x0000000683800000|  0%| F|  |TAMS 0x0000000683400000| PB 0x0000000683400000| Untracked |  0
|  10|0x0000000683800000, 0x0000000683800000, 0x0000000683c00000|  0%| F|  |TAMS 0x0000000683800000| PB 0x0000000683800000| Untracked |  0
|  11|0x0000000683c00000, 0x0000000683c00000, 0x0000000684000000|  0%| F|  |TAMS 0x0000000683c00000| PB 0x0000000683c00000| Untracked |  0
|  12|0x0000000684000000, 0x0000000684000000, 0x0000000684400000|  0%| F|  |TAMS 0x0000000684000000| PB 0x0000000684000000| Untracked |  0
|  13|0x0000000684400000, 0x0000000684400000, 0x0000000684800000|  0%| F|  |TAMS 0x0000000684400000| PB 0x0000000684400000| Untracked |  0
|  14|0x0000000684800000, 0x0000000684800000, 0x0000000684c00000|  0%| F|  |TAMS 0x0000000684800000| PB 0x0000000684800000| Untracked |  0
|  15|0x0000000684c00000, 0x0000000684c00000, 0x0000000685000000|  0%| F|  |TAMS 0x0000000684c00000| PB 0x0000000684c00000| Untracked |  0
|  16|0x0000000685000000, 0x0000000685000000, 0x0000000685400000|  0%| F|  |TAMS 0x0000000685000000| PB 0x0000000685000000| Untracked |  0
|  17|0x0000000685400000, 0x0000000685400000, 0x0000000685800000|  0%| F|  |TAMS 0x0000000685400000| PB 0x0000000685400000| Untracked |  0
|  18|0x0000000685800000, 0x0000000685800000, 0x0000000685c00000|  0%| F|  |TAMS 0x0000000685800000| PB 0x0000000685800000| Untracked |  0
|  19|0x0000000685c00000, 0x0000000685c00000, 0x0000000686000000|  0%| F|  |TAMS 0x0000000685c00000| PB 0x0000000685c00000| Untracked |  0
|  20|0x0000000686000000, 0x0000000686000000, 0x0000000686400000|  0%| F|  |TAMS 0x0000000686000000| PB 0x0000000686000000| Untracked |  0
|  21|0x0000000686400000, 0x0000000686400000, 0x0000000686800000|  0%| F|  |TAMS 0x0000000686400000| PB 0x0000000686400000| Untracked |  0
|  22|0x0000000686800000, 0x0000000686800000, 0x0000000686c00000|  0%| F|  |TAMS 0x0000000686800000| PB 0x0000000686800000| Untracked |  0
|  23|0x0000000686c00000, 0x0000000686c00000, 0x0000000687000000|  0%| F|  |TAMS 0x0000000686c00000| PB 0x0000000686c00000| Untracked |  0
|  24|0x0000000687000000, 0x0000000687000000, 0x0000000687400000|  0%| F|  |TAMS 0x0000000687000000| PB 0x0000000687000000| Untracked |  0
|  25|0x0000000687400000, 0x0000000687400000, 0x0000000687800000|  0%| F|  |TAMS 0x0000000687400000| PB 0x0000000687400000| Untracked |  0
|  26|0x0000000687800000, 0x0000000687800000, 0x0000000687c00000|  0%| F|  |TAMS 0x0000000687800000| PB 0x0000000687800000| Untracked |  0
|  27|0x0000000687c00000, 0x0000000687c00000, 0x0000000688000000|  0%| F|  |TAMS 0x0000000687c00000| PB 0x0000000687c00000| Untracked |  0
|  28|0x0000000688000000, 0x0000000688000000, 0x0000000688400000|  0%| F|  |TAMS 0x0000000688000000| PB 0x0000000688000000| Untracked |  0
|  29|0x0000000688400000, 0x0000000688400000, 0x0000000688800000|  0%| F|  |TAMS 0x0000000688400000| PB 0x0000000688400000| Untracked |  0
|  30|0x0000000688800000, 0x0000000688800000, 0x0000000688c00000|  0%| F|  |TAMS 0x0000000688800000| PB 0x0000000688800000| Untracked |  0
|  31|0x0000000688c00000, 0x0000000688c00000, 0x0000000689000000|  0%| F|  |TAMS 0x0000000688c00000| PB 0x0000000688c00000| Untracked |  0
|  32|0x0000000689000000, 0x0000000689000000, 0x0000000689400000|  0%| F|  |TAMS 0x0000000689000000| PB 0x0000000689000000| Untracked |  0
|  33|0x0000000689400000, 0x0000000689400000, 0x0000000689800000|  0%| F|  |TAMS 0x0000000689400000| PB 0x0000000689400000| Untracked |  0
|  34|0x0000000689800000, 0x0000000689800000, 0x0000000689c00000|  0%| F|  |TAMS 0x0000000689800000| PB 0x0000000689800000| Untracked |  0
|  35|0x0000000689c00000, 0x0000000689c00000, 0x000000068a000000|  0%| F|  |TAMS 0x0000000689c00000| PB 0x0000000689c00000| Untracked |  0
|  36|0x000000068a000000, 0x000000068a000000, 0x000000068a400000|  0%| F|  |TAMS 0x000000068a000000| PB 0x000000068a000000| Untracked |  0
|  37|0x000000068a400000, 0x000000068a400000, 0x000000068a800000|  0%| F|  |TAMS 0x000000068a400000| PB 0x000000068a400000| Untracked |  0
|  38|0x000000068a800000, 0x000000068a800000, 0x000000068ac00000|  0%| F|  |TAMS 0x000000068a800000| PB 0x000000068a800000| Untracked |  0
|  39|0x000000068ac00000, 0x000000068ac00000, 0x000000068b000000|  0%| F|  |TAMS 0x000000068ac00000| PB 0x000000068ac00000| Untracked |  0
|  40|0x000000068b000000, 0x000000068b000000, 0x000000068b400000|  0%| F|  |TAMS 0x000000068b000000| PB 0x000000068b000000| Untracked |  0
|  41|0x000000068b400000, 0x000000068b400000, 0x000000068b800000|  0%| F|  |TAMS 0x000000068b400000| PB 0x000000068b400000| Untracked |  0
|  42|0x000000068b800000, 0x000000068b800000, 0x000000068bc00000|  0%| F|  |TAMS 0x000000068b800000| PB 0x000000068b800000| Untracked |  0
|  43|0x000000068bc00000, 0x000000068bc00000, 0x000000068c000000|  0%| F|  |TAMS 0x000000068bc00000| PB 0x000000068bc00000| Untracked |  0
|  44|0x000000068c000000, 0x000000068c000000, 0x000000068c400000|  0%| F|  |TAMS 0x000000068c000000| PB 0x000000068c000000| Untracked |  0
|  45|0x000000068c400000, 0x000000068c400000, 0x000000068c800000|  0%| F|  |TAMS 0x000000068c400000| PB 0x000000068c400000| Untracked |  0
|  46|0x000000068c800000, 0x000000068c800000, 0x000000068cc00000|  0%| F|  |TAMS 0x000000068c800000| PB 0x000000068c800000| Untracked |  0
|  47|0x000000068cc00000, 0x000000068cc00000, 0x000000068d000000|  0%| F|  |TAMS 0x000000068cc00000| PB 0x000000068cc00000| Untracked |  0
|  48|0x000000068d000000, 0x000000068d000000, 0x000000068d400000|  0%| F|  |TAMS 0x000000068d000000| PB 0x000000068d000000| Untracked |  0
|  49|0x000000068d400000, 0x000000068d400000, 0x000000068d800000|  0%| F|  |TAMS 0x000000068d400000| PB 0x000000068d400000| Untracked |  0
|  50|0x000000068d800000, 0x000000068d800000, 0x000000068dc00000|  0%| F|  |TAMS 0x000000068d800000| PB 0x000000068d800000| Untracked |  0
|  51|0x000000068dc00000, 0x000000068dc00000, 0x000000068e000000|  0%| F|  |TAMS 0x000000068dc00000| PB 0x000000068dc00000| Untracked |  0
|  52|0x000000068e000000, 0x000000068e000000, 0x000000068e400000|  0%| F|  |TAMS 0x000000068e000000| PB 0x000000068e000000| Untracked |  0
|  53|0x000000068e400000, 0x000000068e400000, 0x000000068e800000|  0%| F|  |TAMS 0x000000068e400000| PB 0x000000068e400000| Untracked |  0
|  54|0x000000068e800000, 0x000000068e800000, 0x000000068ec00000|  0%| F|  |TAMS 0x000000068e800000| PB 0x000000068e800000| Untracked |  0
|  55|0x000000068ec00000, 0x000000068ec00000, 0x000000068f000000|  0%| F|  |TAMS 0x000000068ec00000| PB 0x000000068ec00000| Untracked |  0
|  56|0x000000068f000000, 0x000000068f000000, 0x000000068f400000|  0%| F|  |TAMS 0x000000068f000000| PB 0x000000068f000000| Untracked |  0
|  57|0x000000068f400000, 0x000000068f400000, 0x000000068f800000|  0%| F|  |TAMS 0x000000068f400000| PB 0x000000068f400000| Untracked |  0
|  58|0x000000068f800000, 0x000000068f800000, 0x000000068fc00000|  0%| F|  |TAMS 0x000000068f800000| PB 0x000000068f800000| Untracked |  0
|  59|0x000000068fc00000, 0x000000068fc00000, 0x0000000690000000|  0%| F|  |TAMS 0x000000068fc00000| PB 0x000000068fc00000| Untracked |  0
|  60|0x0000000690000000, 0x0000000690000000, 0x0000000690400000|  0%| F|  |TAMS 0x0000000690000000| PB 0x0000000690000000| Untracked |  0
|  61|0x0000000690400000, 0x0000000690400000, 0x0000000690800000|  0%| F|  |TAMS 0x0000000690400000| PB 0x0000000690400000| Untracked |  0
|  62|0x0000000690800000, 0x0000000690800000, 0x0000000690c00000|  0%| F|  |TAMS 0x0000000690800000| PB 0x0000000690800000| Untracked |  0
|  63|0x0000000690c00000, 0x0000000690c00000, 0x0000000691000000|  0%| F|  |TAMS 0x0000000690c00000| PB 0x0000000690c00000| Untracked |  0
|  64|0x0000000691000000, 0x0000000691000000, 0x0000000691400000|  0%| F|  |TAMS 0x0000000691000000| PB 0x0000000691000000| Untracked |  0
|  65|0x0000000691400000, 0x0000000691400000, 0x0000000691800000|  0%| F|  |TAMS 0x0000000691400000| PB 0x0000000691400000| Untracked |  0
|  66|0x0000000691800000, 0x0000000691800000, 0x0000000691c00000|  0%| F|  |TAMS 0x0000000691800000| PB 0x0000000691800000| Untracked |  0
|  67|0x0000000691c00000, 0x0000000691c00000, 0x0000000692000000|  0%| F|  |TAMS 0x0000000691c00000| PB 0x0000000691c00000| Untracked |  0
|  68|0x0000000692000000, 0x0000000692000000, 0x0000000692400000|  0%| F|  |TAMS 0x0000000692000000| PB 0x0000000692000000| Untracked |  0
|  69|0x0000000692400000, 0x0000000692400000, 0x0000000692800000|  0%| F|  |TAMS 0x0000000692400000| PB 0x0000000692400000| Untracked |  0
|  70|0x0000000692800000, 0x0000000692800000, 0x0000000692c00000|  0%| F|  |TAMS 0x0000000692800000| PB 0x0000000692800000| Untracked |  0
|  71|0x0000000692c00000, 0x0000000692c00000, 0x0000000693000000|  0%| F|  |TAMS 0x0000000692c00000| PB 0x0000000692c00000| Untracked |  0
|  72|0x0000000693000000, 0x0000000693000000, 0x0000000693400000|  0%| F|  |TAMS 0x0000000693000000| PB 0x0000000693000000| Untracked |  0
|  73|0x0000000693400000, 0x0000000693400000, 0x0000000693800000|  0%| F|  |TAMS 0x0000000693400000| PB 0x0000000693400000| Untracked |  0
|  74|0x0000000693800000, 0x0000000693800000, 0x0000000693c00000|  0%| F|  |TAMS 0x0000000693800000| PB 0x0000000693800000| Untracked |  0
|  75|0x0000000693c00000, 0x0000000693c00000, 0x0000000694000000|  0%| F|  |TAMS 0x0000000693c00000| PB 0x0000000693c00000| Untracked |  0
|  76|0x0000000694000000, 0x0000000694000000, 0x0000000694400000|  0%| F|  |TAMS 0x0000000694000000| PB 0x0000000694000000| Untracked |  0
|  77|0x0000000694400000, 0x0000000694400000, 0x0000000694800000|  0%| F|  |TAMS 0x0000000694400000| PB 0x0000000694400000| Untracked |  0
|  78|0x0000000694800000, 0x0000000694800000, 0x0000000694c00000|  0%| F|  |TAMS 0x0000000694800000| PB 0x0000000694800000| Untracked |  0
|  79|0x0000000694c00000, 0x0000000694c00000, 0x0000000695000000|  0%| F|  |TAMS 0x0000000694c00000| PB 0x0000000694c00000| Untracked |  0
|  80|0x0000000695000000, 0x0000000695000000, 0x0000000695400000|  0%| F|  |TAMS 0x0000000695000000| PB 0x0000000695000000| Untracked |  0
|  81|0x0000000695400000, 0x0000000695400000, 0x0000000695800000|  0%| F|  |TAMS 0x0000000695400000| PB 0x0000000695400000| Untracked |  0
|  82|0x0000000695800000, 0x0000000695800000, 0x0000000695c00000|  0%| F|  |TAMS 0x0000000695800000| PB 0x0000000695800000| Untracked |  0
|  83|0x0000000695c00000, 0x0000000695c00000, 0x0000000696000000|  0%| F|  |TAMS 0x0000000695c00000| PB 0x0000000695c00000| Untracked |  0
|  84|0x0000000696000000, 0x0000000696000000, 0x0000000696400000|  0%| F|  |TAMS 0x0000000696000000| PB 0x0000000696000000| Untracked |  0
|  85|0x0000000696400000, 0x0000000696400000, 0x0000000696800000|  0%| F|  |TAMS 0x0000000696400000| PB 0x0000000696400000| Untracked |  0
|  86|0x0000000696800000, 0x0000000696800000, 0x0000000696c00000|  0%| F|  |TAMS 0x0000000696800000| PB 0x0000000696800000| Untracked |  0
|  87|0x0000000696c00000, 0x0000000696c00000, 0x0000000697000000|  0%| F|  |TAMS 0x0000000696c00000| PB 0x0000000696c00000| Untracked |  0
|  88|0x0000000697000000, 0x0000000697000000, 0x0000000697400000|  0%| F|  |TAMS 0x0000000697000000| PB 0x0000000697000000| Untracked |  0
|  89|0x0000000697400000, 0x0000000697400000, 0x0000000697800000|  0%| F|  |TAMS 0x0000000697400000| PB 0x0000000697400000| Untracked |  0
|  90|0x0000000697800000, 0x0000000697800000, 0x0000000697c00000|  0%| F|  |TAMS 0x0000000697800000| PB 0x0000000697800000| Untracked |  0
|  91|0x0000000697c00000, 0x0000000697e001c0, 0x0000000698000000| 50%| E|  |TAMS 0x0000000697c00000| PB 0x0000000697c00000| Complete |  0
|  92|0x0000000698000000, 0x0000000698400000, 0x0000000698400000|100%| E|CS|TAMS 0x0000000698000000| PB 0x0000000698000000| Complete |  0
|  93|0x0000000698400000, 0x0000000698800000, 0x0000000698800000|100%| E|CS|TAMS 0x0000000698400000| PB 0x0000000698400000| Complete |  0
|  94|0x0000000698800000, 0x0000000698c00000, 0x0000000698c00000|100%| E|  |TAMS 0x0000000698800000| PB 0x0000000698800000| Complete |  0
|  95|0x0000000698c00000, 0x0000000699000000, 0x0000000699000000|100%| E|CS|TAMS 0x0000000698c00000| PB 0x0000000698c00000| Complete |  0

Card table byte_map: [0x00000290d8160000,0x00000290d8d60000] _byte_map_base: 0x00000290d4d58000

Marking Bits: (CMBitMap*) 0x00000290cbc60080
 Bits: [0x00000290d8d60000, 0x00000290ded20000)

Polling page: 0x00000290c97c0000

Metaspace:

Usage:
  Non-class:      3.76 MB used.
      Class:    549.06 KB used.
       Both:      4.30 MB used.

Virtual space:
  Non-class space:       64.00 MB reserved,       3.88 MB (  6%) committed,  1 nodes.
      Class space:        1.00 GB reserved,     640.00 KB ( <1%) committed,  1 nodes.
             Both:        1.06 GB reserved,       4.50 MB ( <1%) committed. 

Chunk freelists:
   Non-Class:  11.89 MB
       Class:  15.25 MB
        Both:  27.14 MB

MaxMetaspaceSize: unlimited
CompressedClassSpaceSize: 1.00 GB
Initial GC threshold: 21.00 MB
Current GC threshold: 21.00 MB
CDS: on
 - commit_granule_bytes: 65536.
 - commit_granule_words: 8192.
 - virtual_space_node_default_size: 8388608.
 - enlarge_chunks_in_place: 1.
 - use_allocation_guard: 0.


Internal statistics:

num_allocs_failed_limit: 0.
num_arena_births: 106.
num_arena_deaths: 0.
num_vsnodes_births: 2.
num_vsnodes_deaths: 0.
num_space_committed: 72.
num_space_uncommitted: 0.
num_chunks_returned_to_freelist: 0.
num_chunks_taken_from_freelist: 115.
num_chunk_merges: 0.
num_chunk_splits: 80.
num_chunks_enlarged: 48.
num_inconsistent_stats: 0.

CodeCache: size=49152Kb used=3607Kb max_used=3607Kb free=45544Kb
 bounds [0x00000290d4560000, 0x00000290d48f0000, 0x00000290d7560000]
 total_blobs=1618, nmethods=1141, adapters=401, full_count=0
Compilation: enabled, stopped_count=0, restarted_count=0

Compilation events (20 events):
Event: 0.607 Thread 0x00000290c5654560 1133       1       java.lang.invoke.DirectMethodHandle$Holder::invokeStatic (15 bytes)
Event: 0.607 Thread 0x00000290e1544850 1134       1       jdk.internal.org.objectweb.asm.ClassWriter::visitMethod (57 bytes)
Event: 0.607 Thread 0x00000290c5030230 1135       1       jdk.internal.org.objectweb.asm.MethodWriter::<init> (232 bytes)
Event: 0.607 Thread 0x00000290c5654560 nmethod 1133 0x00000290d48e2808 code [0x00000290d48e2920, 0x00000290d48e2a48]
Event: 0.608 Thread 0x00000290c5654560 1136       1       jdk.internal.org.objectweb.asm.MethodVisitor::<init> (7 bytes)
Event: 0.608 Thread 0x00000290c5654560 nmethod 1136 0x00000290d48e2b08 code [0x00000290d48e2c20, 0x00000290d48e2d08]
Event: 0.608 Thread 0x00000290e1544850 nmethod 1134 0x00000290d48e2e08 code [0x00000290d48e2f40, 0x00000290d48e3230]
Event: 0.608 Thread 0x00000290c5654560 1137       1       jdk.internal.org.objectweb.asm.MethodWriter::visitLabel (334 bytes)
Event: 0.608 Thread 0x00000290e1544850 1138       1       jdk.internal.org.objectweb.asm.MethodWriter::endCurrentBasicBlockWithNoSuccessor (98 bytes)
Event: 0.608 Thread 0x00000290e1544850 nmethod 1138 0x00000290d48e3288 code [0x00000290d48e33c0, 0x00000290d48e3828]
Event: 0.608 Thread 0x00000290e1544850 1139       1       jdk.internal.org.objectweb.asm.MethodWriter::visitMaxs (60 bytes)
Event: 0.608 Thread 0x00000290c5030230 nmethod 1135 0x00000290d48e3888 code [0x00000290d48e3a40, 0x00000290d48e4300]
Event: 0.608 Thread 0x00000290c5030230 1140       1       jdk.internal.org.objectweb.asm.MethodWriter::visitEnd (1 bytes)
Event: 0.608 Thread 0x00000290c5654560 nmethod 1137 0x00000290d48e4388 code [0x00000290d48e4580, 0x00000290d48e5160]
Event: 0.608 Thread 0x00000290e1544850 nmethod 1139 0x00000290d48e5208 code [0x00000290d48e5340, 0x00000290d48e54e0]
Event: 0.608 Thread 0x00000290c5030230 nmethod 1140 0x00000290d48e5508 code [0x00000290d48e5620, 0x00000290d48e56e8]
Event: 0.609 Thread 0x00000290c5030230 1142       1       java.lang.Float::isNaN (12 bytes)
Event: 0.609 Thread 0x00000290e1544850 1141       1       jdk.internal.org.objectweb.asm.SymbolTable::getConstantPoolCount (5 bytes)
Event: 0.609 Thread 0x00000290e1544850 nmethod 1141 0x00000290d48e5808 code [0x00000290d48e5920, 0x00000290d48e59e8]
Event: 0.609 Thread 0x00000290c5030230 nmethod 1142 0x00000290d48e5b08 code [0x00000290d48e5c20, 0x00000290d48e5cf8]

GC Heap History (0 events):
No events

Dll operation events (10 events):
Event: 0.013 Loaded shared library C:\Users\USUARIO\.jdks\corretto-23.0.2\bin\java.dll
Event: 0.216 Loaded shared library C:\Users\USUARIO\.jdks\corretto-23.0.2\bin\zip.dll
Event: 0.219 Loaded shared library C:\Users\USUARIO\.jdks\corretto-23.0.2\bin\instrument.dll
Event: 0.224 Loaded shared library C:\Users\USUARIO\.jdks\corretto-23.0.2\bin\net.dll
Event: 0.226 Loaded shared library C:\Users\USUARIO\.jdks\corretto-23.0.2\bin\nio.dll
Event: 0.231 Loaded shared library C:\Users\USUARIO\.jdks\corretto-23.0.2\bin\zip.dll
Event: 0.319 Loaded shared library C:\Users\USUARIO\.jdks\corretto-23.0.2\bin\jimage.dll
Event: 0.323 Loaded shared library C:\Users\USUARIO\.jdks\corretto-23.0.2\bin\extnet.dll
Event: 0.334 Loaded shared library C:\Users\USUARIO\.jdks\corretto-23.0.2\bin\management.dll
Event: 0.346 Loaded shared library C:\Users\USUARIO\.jdks\corretto-23.0.2\bin\management_ext.dll

Deoptimization events (0 events):
No events

Classes loaded (20 events):
Event: 0.607 Loading class java/util/logging/StreamHandler$1 done
Event: 0.608 Loading class sun/rmi/server/UnicastServerRef$HashToMethod_Maps
Event: 0.608 Loading class sun/rmi/server/WeakClassHashMap
Event: 0.608 Loading class sun/rmi/server/WeakClassHashMap done
Event: 0.608 Loading class sun/rmi/server/UnicastServerRef$HashToMethod_Maps done
Event: 0.608 Loading class sun/rmi/transport/LiveRef
Event: 0.608 Loading class sun/rmi/transport/LiveRef done
Event: 0.608 Loading class java/rmi/server/ObjID
Event: 0.608 Loading class java/rmi/server/ObjID done
Event: 0.608 Loading class java/rmi/server/UID
Event: 0.608 Loading class java/rmi/server/UID done
Event: 0.609 Loading class java/security/SecureRandom
Event: 0.609 Loading class java/security/SecureRandom done
Event: 0.609 Loading class sun/security/jca/Providers
Event: 0.609 Loading class sun/security/jca/Providers done
Event: 0.609 Loading class sun/security/jca/ProviderList
Event: 0.609 Loading class sun/security/jca/ProviderList done
Event: 0.609 Loading class sun/security/jca/ProviderConfig
Event: 0.609 Loading class sun/security/jca/ProviderConfig done
Event: 0.609 Loading class sun/security/jca/ProviderList$3

Classes unloaded (0 events):
No events

Classes redefined (0 events):
No events

Internal exceptions (10 events):
Event: 0.313 Thread 0x00000290c980f660 Exception <a 'java/lang/NoSuchMethodError'{0x000000069854bb18}: 'java.lang.Object java.lang.invoke.Invokers$Holder.invokeExact_MT(java.lang.Object, java.lang.Object, java.lang.Object, java.lang.Object, java.lang.Object)'> (0x000000069854bb18) 
thrown [s\src\hotspot\share\interpreter\linkResolver.cpp, line 796]
Event: 0.325 Thread 0x00000290c551b2e0 Exception <a 'java/lang/NoSuchMethodError'{0x00000006985a3548}: 'void java.lang.invoke.DirectMethodHandle$Holder.invokeStatic(java.lang.Object, java.lang.Object)'> (0x00000006985a3548) 
thrown [s\src\hotspot\share\interpreter\linkResolver.cpp, line 796]
Event: 0.349 Thread 0x00000290c980f660 Exception <a 'java/lang/NoSuchMethodError'{0x0000000698592360}: 'int java.lang.invoke.DirectMethodHandle$Holder.invokeInterface(java.lang.Object, java.lang.Object)'> (0x0000000698592360) 
thrown [s\src\hotspot\share\interpreter\linkResolver.cpp, line 796]
Event: 0.350 Thread 0x00000290c980f660 Exception <a 'java/lang/IncompatibleClassChangeError'{0x00000006985956a0}: Found class java.lang.Object, but interface was expected> (0x00000006985956a0) 
thrown [s\src\hotspot\share\interpreter\linkResolver.cpp, line 863]
Event: 0.393 Thread 0x00000290c980f660 Exception <a 'java/lang/NoSuchMethodError'{0x00000006986d94d8}: 'void java.lang.invoke.DirectMethodHandle$Holder.invokeSpecial(java.lang.Object, java.lang.Object, java.lang.Object)'> (0x00000006986d94d8) 
thrown [s\src\hotspot\share\interpreter\linkResolver.cpp, line 796]
Event: 0.395 Thread 0x00000290c980f660 Exception <a 'java/lang/NoSuchMethodError'{0x00000006986e2ea0}: 'void java.lang.invoke.DirectMethodHandle$Holder.invokeStatic(java.lang.Object, int, java.lang.Object)'> (0x00000006986e2ea0) 
thrown [s\src\hotspot\share\interpreter\linkResolver.cpp, line 796]
Event: 0.412 Thread 0x00000290c980f660 Exception <a 'java/lang/NoSuchMethodError'{0x000000069872b170}: 'int java.lang.invoke.DirectMethodHandle$Holder.invokeSpecial(java.lang.Object, java.lang.Object, java.lang.Object)'> (0x000000069872b170) 
thrown [s\src\hotspot\share\interpreter\linkResolver.cpp, line 796]
Event: 0.424 Thread 0x00000290e153f910 Exception <a 'java/lang/NoSuchMethodError'{0x0000000698122518}: 'long java.lang.invoke.DirectMethodHandle$Holder.invokeSpecial(java.lang.Object, java.lang.Object)'> (0x0000000698122518) 
thrown [s\src\hotspot\share\interpreter\linkResolver.cpp, line 796]
Event: 0.552 Thread 0x00000290c980f660 Exception <a 'java/lang/NoSuchMethodError'{0x0000000698273960}: 'java.lang.Object java.lang.invoke.DirectMethodHandle$Holder.invokeStaticInit(java.lang.Object, java.lang.Object, java.lang.Object)'> (0x0000000698273960) 
thrown [s\src\hotspot\share\interpreter\linkResolver.cpp, line 796]
Event: 0.600 Thread 0x00000290c980f660 Exception <a 'java/lang/NoSuchMethodError'{0x0000000697d784a0}: 'int java.lang.invoke.DirectMethodHandle$Holder.invokeSpecialIFC(java.lang.Object, java.lang.Object, java.lang.Object)'> (0x0000000697d784a0) 
thrown [s\src\hotspot\share\interpreter\linkResolver.cpp, line 796]

VM Operations (14 events):
Event: 0.173 Executing VM operation: HandshakeAllThreads (Deoptimize)
Event: 0.173 Executing VM operation: HandshakeAllThreads (Deoptimize) done
Event: 0.319 Executing VM operation: HandshakeAllThreads (Deoptimize)
Event: 0.319 Executing VM operation: HandshakeAllThreads (Deoptimize) done
Event: 0.353 Executing VM operation: HandshakeAllThreads (Deoptimize)
Event: 0.353 Executing VM operation: HandshakeAllThreads (Deoptimize) done
Event: 0.354 Executing VM operation: HandshakeAllThreads (Deoptimize)
Event: 0.354 Executing VM operation: HandshakeAllThreads (Deoptimize) done
Event: 0.409 Executing VM operation: HandshakeAllThreads (Deoptimize)
Event: 0.409 Executing VM operation: HandshakeAllThreads (Deoptimize) done
Event: 0.423 Executing VM operation: HandshakeAllThreads (Deoptimize)
Event: 0.423 Executing VM operation: HandshakeAllThreads (Deoptimize) done
Event: 0.428 Executing VM operation: HandshakeAllThreads (Deoptimize)
Event: 0.428 Executing VM operation: HandshakeAllThreads (Deoptimize) done

Memory protections (0 events):
No events

Nmethod flushes (0 events):
No events

Events (13 events):
Event: 0.028 Thread 0x00000290c980f660 Thread added: 0x00000290c980f660
Event: 0.043 Thread 0x00000290c980f660 Thread added: 0x00000290e1539da0
Event: 0.043 Thread 0x00000290c980f660 Thread added: 0x00000290e153b720
Event: 0.044 Thread 0x00000290c980f660 Thread added: 0x00000290e153eeb0
Event: 0.044 Thread 0x00000290c980f660 Thread added: 0x00000290e153f910
Event: 0.044 Thread 0x00000290c980f660 Thread added: 0x00000290e1540370
Event: 0.044 Thread 0x00000290c980f660 Thread added: 0x00000290e1543df0
Event: 0.044 Thread 0x00000290c980f660 Thread added: 0x00000290e1544850
Event: 0.061 Thread 0x00000290e1544850 Thread added: 0x00000290c5030230
Event: 0.164 Thread 0x00000290c980f660 Thread added: 0x00000290c5081f20
Event: 0.315 Thread 0x00000290c980f660 Thread added: 0x00000290c551b2e0
Event: 0.316 Thread 0x00000290c980f660 Thread added: 0x00000290c551bd50
Event: 0.398 Thread 0x00000290e1544850 Thread added: 0x00000290c5654560


Dynamic libraries:
0x00007ff613450000 - 0x00007ff61345e000 	C:\Users\USUARIO\.jdks\corretto-23.0.2\bin\java.exe
0x00007ffa77560000 - 0x00007ffa777c8000 	C:\WINDOWS\SYSTEM32\ntdll.dll
0x00007ffa75d30000 - 0x00007ffa75df9000 	C:\WINDOWS\System32\KERNEL32.DLL
0x00007ffa74820000 - 0x00007ffa74c0d000 	C:\WINDOWS\System32\KERNELBASE.dll
0x00007ffa74c10000 - 0x00007ffa74d5b000 	C:\WINDOWS\System32\ucrtbase.dll
0x00007ffa6d510000 - 0x00007ffa6d52b000 	C:\Users\USUARIO\.jdks\corretto-23.0.2\bin\VCRUNTIME140.dll
0x00007ffa6d530000 - 0x00007ffa6d547000 	C:\Users\USUARIO\.jdks\corretto-23.0.2\bin\jli.dll
0x00007ffa76bf0000 - 0x00007ffa76dbc000 	C:\WINDOWS\System32\USER32.dll
0x00007ffa74f30000 - 0x00007ffa74f57000 	C:\WINDOWS\System32\win32u.dll
0x00007ffa75690000 - 0x00007ffa756bb000 	C:\WINDOWS\System32\GDI32.dll
0x00007ffa74d60000 - 0x00007ffa74e97000 	C:\WINDOWS\System32\gdi32full.dll
0x00007ffa74770000 - 0x00007ffa74813000 	C:\WINDOWS\System32\msvcp_win.dll
0x00007ffa5abb0000 - 0x00007ffa5ae4a000 	C:\WINDOWS\WinSxS\amd64_microsoft.windows.common-controls_6595b64144ccf1df_6.0.26100.4484_none_3e0e6d4ce32ef3b3\COMCTL32.dll
0x00007ffa75a40000 - 0x00007ffa75ae9000 	C:\WINDOWS\System32\msvcrt.dll
0x00007ffa76860000 - 0x00007ffa7688f000 	C:\WINDOWS\System32\IMM32.DLL
0x00007ffa6d500000 - 0x00007ffa6d50c000 	C:\Users\USUARIO\.jdks\corretto-23.0.2\bin\vcruntime140_1.dll
0x00007ffa44600000 - 0x00007ffa4468d000 	C:\Users\USUARIO\.jdks\corretto-23.0.2\bin\msvcp140.dll
0x00007ff9a3ef0000 - 0x00007ff9a4cc8000 	C:\Users\USUARIO\.jdks\corretto-23.0.2\bin\server\jvm.dll
0x00007ffa75e80000 - 0x00007ffa75f34000 	C:\WINDOWS\System32\ADVAPI32.dll
0x00007ffa75910000 - 0x00007ffa759b6000 	C:\WINDOWS\System32\sechost.dll
0x00007ffa756c0000 - 0x00007ffa757d8000 	C:\WINDOWS\System32\RPCRT4.dll
0x00007ffa759c0000 - 0x00007ffa75a34000 	C:\WINDOWS\System32\WS2_32.dll
0x00007ffa73f10000 - 0x00007ffa73f6e000 	C:\WINDOWS\SYSTEM32\POWRPROF.dll
0x00007ffa67b80000 - 0x00007ffa67bb5000 	C:\WINDOWS\SYSTEM32\WINMM.dll
0x00007ffa6d1c0000 - 0x00007ffa6d1cb000 	C:\WINDOWS\SYSTEM32\VERSION.dll
0x00007ffa73ef0000 - 0x00007ffa73f04000 	C:\WINDOWS\SYSTEM32\UMPDC.dll
0x00007ffa73410000 - 0x00007ffa7342b000 	C:\WINDOWS\SYSTEM32\kernel.appcore.dll
0x00007ffa6d4f0000 - 0x00007ffa6d4fa000 	C:\Users\USUARIO\.jdks\corretto-23.0.2\bin\jimage.dll
0x00007ffa5e8f0000 - 0x00007ffa5eb31000 	C:\WINDOWS\SYSTEM32\DBGHELP.DLL
0x00007ffa75300000 - 0x00007ffa75686000 	C:\WINDOWS\System32\combase.dll
0x00007ffa766e0000 - 0x00007ffa767c0000 	C:\WINDOWS\System32\OLEAUT32.dll
0x00007ffa58bc0000 - 0x00007ffa58c03000 	C:\WINDOWS\SYSTEM32\dbgcore.DLL
0x00007ffa74f60000 - 0x00007ffa74ff9000 	C:\WINDOWS\System32\bcryptPrimitives.dll
0x00007ffa6f3e0000 - 0x00007ffa6f3ee000 	C:\Users\USUARIO\.jdks\corretto-23.0.2\bin\instrument.dll
0x00007ffa5d8d0000 - 0x00007ffa5d8ee000 	C:\Users\USUARIO\.jdks\corretto-23.0.2\bin\java.dll
0x00007ffa76a40000 - 0x00007ffa76bde000 	C:\WINDOWS\System32\ole32.dll
0x00007ffa75f40000 - 0x00007ffa7668a000 	C:\WINDOWS\System32\SHELL32.dll
0x00007ffa75000000 - 0x00007ffa75174000 	C:\WINDOWS\System32\wintypes.dll
0x00007ffa722d0000 - 0x00007ffa72b2b000 	C:\WINDOWS\SYSTEM32\windows.storage.dll
0x00007ffa768c0000 - 0x00007ffa769b5000 	C:\WINDOWS\System32\SHCORE.dll
0x00007ffa76f60000 - 0x00007ffa76fca000 	C:\WINDOWS\System32\shlwapi.dll
0x00007ffa745c0000 - 0x00007ffa745ef000 	C:\WINDOWS\SYSTEM32\profapi.dll
0x00007ffa526b0000 - 0x00007ffa526c7000 	C:\Users\USUARIO\.jdks\corretto-23.0.2\bin\zip.dll
0x00007ffa53240000 - 0x00007ffa53250000 	C:\Users\USUARIO\.jdks\corretto-23.0.2\bin\net.dll
0x00007ffa73980000 - 0x00007ffa739ea000 	C:\WINDOWS\system32\mswsock.dll
0x00007ffa53220000 - 0x00007ffa53236000 	C:\Users\USUARIO\.jdks\corretto-23.0.2\bin\nio.dll
0x00007ffa53210000 - 0x00007ffa53219000 	C:\Users\USUARIO\.jdks\corretto-23.0.2\bin\extnet.dll
0x00007ffa72eb0000 - 0x00007ffa72fd6000 	C:\WINDOWS\SYSTEM32\DNSAPI.dll
0x00007ffa72e20000 - 0x00007ffa72e53000 	C:\WINDOWS\SYSTEM32\IPHLPAPI.DLL
0x00007ffa757e0000 - 0x00007ffa757ea000 	C:\WINDOWS\System32\NSI.dll
0x00007ffa6dd60000 - 0x00007ffa6dd6b000 	C:\Windows\System32\rasadhlp.dll
0x00007ffa67010000 - 0x00007ffa67096000 	C:\WINDOWS\System32\fwpuclnt.dll
0x00007ffa6f3d0000 - 0x00007ffa6f3d9000 	C:\Users\USUARIO\.jdks\corretto-23.0.2\bin\management.dll
0x00007ffa6d4e0000 - 0x00007ffa6d4eb000 	C:\Users\USUARIO\.jdks\corretto-23.0.2\bin\management_ext.dll
0x00007ffa77080000 - 0x00007ffa77088000 	C:\WINDOWS\System32\PSAPI.DLL

dbghelp: loaded successfully - version: 4.0.5 - missing functions: none
symbol engine: initialized successfully - sym options: 0x614 - pdb path: .;C:\Users\USUARIO\.jdks\corretto-23.0.2\bin;C:\WINDOWS\SYSTEM32;C:\WINDOWS\WinSxS\amd64_microsoft.windows.common-controls_6595b64144ccf1df_6.0.26100.4484_none_3e0e6d4ce32ef3b3;C:\Users\USUARIO\.jdks\corretto-23.0.2\bin\server

VM Arguments:
jvm_args: -XX:TieredStopAtLevel=1 -Dspring.output.ansi.enabled=always -Dcom.sun.management.jmxremote -Dspring.jmx.enabled=true -Dspring.liveBeansView.mbeanDomain -Dspring.application.admin.enabled=true -Dmanagement.endpoints.jmx.exposure.include=* -javaagent:C:\Users\USUARIO\AppData\Local\Programs\IntelliJ IDEA Ultimate\lib\idea_rt.jar=52630 -Dfile.encoding=UTF-8 -Dsun.stdout.encoding=UTF-8 -Dsun.stderr.encoding=UTF-8 
java_command: pe.edu.upc.center.backendNutriSmart.BackendNutriSmartApplication
java_class_path (initial): D:\u\open source\backendNutriSmart\target\classes;C:\Users\USUARIO\.m2\repository\org\springframework\boot\spring-boot-starter-data-jpa\3.5.0\spring-boot-starter-data-jpa-3.5.0.jar;C:\Users\USUARIO\.m2\repository\org\springframework\boot\spring-boot-starter\3.5.0\spring-boot-starter-3.5.0.jar;C:\Users\USUARIO\.m2\repository\org\springframework\boot\spring-boot-starter-logging\3.5.0\spring-boot-starter-logging-3.5.0.jar;C:\Users\USUARIO\.m2\repository\ch\qos\logback\logback-classic\1.5.18\logback-classic-1.5.18.jar;C:\Users\USUARIO\.m2\repository\ch\qos\logback\logback-core\1.5.18\logback-core-1.5.18.jar;C:\Users\USUARIO\.m2\repository\org\apache\logging\log4j\log4j-to-slf4j\2.24.3\log4j-to-slf4j-2.24.3.jar;C:\Users\USUARIO\.m2\repository\org\apache\logging\log4j\log4j-api\2.24.3\log4j-api-2.24.3.jar;C:\Users\USUARIO\.m2\repository\org\slf4j\jul-to-slf4j\2.0.17\jul-to-slf4j-2.0.17.jar;C:\Users\USUARIO\.m2\repository\jakarta\annotation\jakarta.annotation-api\2.1.1\jakarta.annotation-api-2.1.1.jar;C:\Users\USUARIO\.m2\repository\org\yaml\snakeyaml\2.4\snakeyaml-2.4.jar;C:\Users\USUARIO\.m2\repository\org\springframework\boot\spring-boot-starter-jdbc\3.5.0\spring-boot-starter-jdbc-3.5.0.jar;C:\Users\USUARIO\.m2\repository\com\zaxxer\HikariCP\6.3.0\HikariCP-6.3.0.jar;C:\Users\USUARIO\.m2\repository\org\springframework\spring-jdbc\6.2.7\spring-jdbc-6.2.7.jar;C:\Users\USUARIO\.m2\repository\org\hibernate\orm\hibernate-core\6.6.15.Final\hibernate-core-6.6.15.Final.jar;C:\Users\USUARIO\.m2\repository\jakarta\persistence\jakarta.persistence-api\3.1.0\jakarta.persistence-api-3.1.0.jar;C:\Users\USUARIO\.m2\repository\jakarta\transaction\jakarta.transaction-api\2.0.1\jakarta.transaction-api-2.0.1.jar;C:\Users\USUARIO\.m2\repository\org\jboss\logging\jboss-logging\3.6.1.Final\jboss-logging-3.6.1.Final.jar;C:\Users\USUARIO\.m2\repository\org\hibernate\common\hibernate-commons-annotations\7.0.3.Final\hibernate-commons-annotations-7.0.3.Final.jar;C:\Users\USUARIO\.m2\repository\io\smallrye\jandex\3.2.0\jandex-3.2.0.jar;C:\Users\USUARIO\.m2\repository\com\fasterxml\classmate\1.7.0\classmate-1.7.0.jar;C:\Users\USUARIO\.m2\repository\net\bytebuddy\byte-buddy\1.17.5\byte-buddy-1.17.5.jar;C:\Users\USUARIO\.m2\repository\org\glassfish\jaxb\jaxb-runtime\4.0.5\jaxb-runtime-4.0.5.jar;C:\Users\USUARIO\.m2\repository\org\glassfish\jaxb\jaxb-core\4.0.5\jaxb-core-4.0.5.jar;C:\Users\USUARIO\.m2\repository\org\eclipse\angus\angus-activation\2.0.2\angus-activation-2.0.2.jar;C:\Users\USUARIO\.m2\repository\org\glassfish\jaxb\txw2\4.0.5\txw2-4.0.5.jar;C:\Users\USUARIO\.m2\repository\com\sun\istack\istack-commons-runtime\4.1.2\istack-commons-runtime-4.1.2.jar;C:\Users\USUARIO\.m2\repository\jakarta\inject\jakarta.inject-api\2.0.1\jakarta.inject-api-2.0.1.jar;C:\Users\USUARIO\.m2\repository\org\antlr\antlr4-runtime\4.13.0\antlr4-runtime-4.13.0.jar;C:\Users\USUARIO\.m2\repository\org\springframework\data\spring-data-jpa\3.5.0\spring-data-jpa-3.5.0.jar;C:\Users\USUARIO\.m2\repository\org\springframework\data\spring-data-commons\3.5.0\spring-data-commons-3.5.0.jar;C:\Users\USUARIO\.m2\repository\org\springframework\spring-orm\6.2.7\spring-orm-6.2.7.jar;C:\Users\USUARIO\.m2\repository\org\springframework\spring-context\6.2.7\spring-context-6.2.7.jar;C:\Users\USUARIO\.m2\repository\org\springframework\spring-tx\6.2.7\spring-tx-6.2.7.jar;C:\Users\USUARIO\.m2\repository\org\springframework\spring-beans\6.2.7\spring-beans-6.2.7.jar;C:\Users\USUARIO\.m2\repository\org\slf4j\slf4j-api\2.0.17\slf4j-api-2.0.17.jar;C:\Users\USUARIO\.m2\repository\org\springframework\spring-aspects\6.2.7\spring-aspects-6.2.7.jar;C:\Users\USUARIO\.m2\repository\org\aspectj\aspectjweaver\1.9.24\aspectjweaver-1.9.24.jar;C:\Users\USUARIO\.m2\repository\org\springframework\boot\spring-boot-starter-validation\3.5.0\spring-boot-starter-validation-3.5.0.jar;C:\Users\USUARIO\.m2\repository\org\apache\tomcat\embed\tomcat-embed-el\10.1.41\tomcat-embed-el-10.1.41.jar;C:\Users\USUARIO\.m2\repository\org\hibernate\validator\hibernate-validator\8.0.2.Final\hibernate-validator-8.0.2.Final.jar;C:\Users\USUARIO\.m2\repository\jakarta\validation\jakarta.validation-api\3.0.2\jakarta.validation-api-3.0.2.jar;C:\Users\USUARIO\.m2\repository\org\springframework\boot\spring-boot-starter-web\3.5.0\spring-boot-starter-web-3.5.0.jar;C:\Users\USUARIO\.m2\repository\org\springframework\boot\spring-boot-starter-json\3.5.0\spring-boot-starter-json-3.5.0.jar;C:\Users\USUARIO\.m2\repository\com\fasterxml\jackson\datatype\jackson-datatype-jdk8\2.19.0\jackson-datatype-jdk8-2.19.0.jar;C:\Users\USUARIO\.m2\repository\com\fasterxml\jackson\datatype\jackson-datatype-jsr310\2.19.0\jackson-datatype-jsr310-2.19.0.jar;C:\Users\USUARIO\.m2\repository\com\fasterxml\jackson\module\jackson-module-parameter-names\2.19.0\jackson-module-parameter-names-2.19.0.jar;C:\Users\USUARIO\.m2\repository\org\springframework\boot\spring-boot-starter-tomcat\3.5.0\spring-boot-starter-tomcat-3.5.0.jar;C:\Users\USUARIO\.m2\repository\org\apache\tomcat\embed\tomcat-embed-core\10.1.41\tomcat-embed-core-10.1.41.jar;C:\Users\USUARIO\.m2\repository\org\apache\tomcat\embed\tomcat-embed-websocket\10.1.41\tomcat-embed-websocket-10.1.41.jar;C:\Users\USUARIO\.m2\repository\org\springframework\spring-web\6.2.7\spring-web-6.2.7.jar;C:\Users\USUARIO\.m2\repository\io\micrometer\micrometer-observation\1.15.0\micrometer-observation-1.15.0.jar;C:\Users\USUARIO\.m2\repository\io\micrometer\micrometer-commons\1.15.0\micrometer-commons-1.15.0.jar;C:\Users\USUARIO\.m2\repository\org\springframework\spring-webmvc\6.2.7\spring-webmvc-6.2.7.jar;C:\Users\USUARIO\.m2\repository\org\springframework\spring-expression\6.2.7\spring-expression-6.2.7.jar;C:\Users\USUARIO\.m2\repository\org\springframework\boot\spring-boot-devtools\3.5.0\spring-boot-devtools-3.5.0.jar;C:\Users\USUARIO\.m2\repository\org\springframework\boot\spring-boot\3.5.0\spring-boot-3.5.0.jar;C:\Users\USUARIO\.m2\repository\org\springframework\boot\spring-boot-autoconfigure\3.5.0\spring-boot-autoconfigure-3.5.0.jar;C:\Users\USUARIO\.m2\repository\org\postgresql\postgresql\42.7.5\postgresql-42.7.5.jar;C:\Users\USUARIO\.m2\repository\org\checkerframework\checker-qual\3.48.3\checker-qual-3.48.3.jar;C:\Users\USUARIO\.m2\repository\org\projectlombok\lombok\1.18.38\lombok-1.18.38.jar;C:\Users\USUARIO\.m2\repository\jakarta\xml\bind\jakarta.xml.bind-api\4.0.2\jakarta.xml.bind-api-4.0.2.jar;C:\Users\USUARIO\.m2\repository\jakarta\activation\jakarta.activation-api\2.1.3\jakarta.activation-api-2.1.3.jar;C:\Users\USUARIO\.m2\repository\org\springframework\spring-core\6.2.7\spring-core-6.2.7.jar;C:\Users\USUARIO\.m2\repository\org\springframework\spring-jcl\6.2.7\spring-jcl-6.2.7.jar;C:\Users\USUARIO\.m2\repository\io\github\encryptorcode\pluralize\1.0.0\pluralize-1.0.0.jar;C:\Users\USUARIO\.m2\repository\org\springdoc\springdoc-openapi-starter-webmvc-ui\2.8.8\springdoc-openapi-starter-webmvc-ui-2.8.8.jar;C:\Users\USUARIO\.m2\repository\org\springdoc\springdoc-openapi-starter-webmvc-api\2.8.8\springdoc-openapi-starter-webmvc-api-2.8.8.jar;C:\Users\USUARIO\.m2\repository\org\springdoc\springdoc-openapi-starter-common\2.8.8\springdoc-openapi-starter-common-2.8.8.jar;C:\Users\USUARIO\.m2\repository\io\swagger\core\v3\swagger-core-jakarta\2.2.30\swagger-core-jakarta-2.2.30.jar;C:\Users\USUARIO\.m2\repository\io\swagger\core\v3\swagger-annotations-jakarta\2.2.30\swagger-annotations-jakarta-2.2.30.jar;C:\Users\USUARIO\.m2\repository\io\swagger\core\v3\swagger-models-jakarta\2.2.30\swagger-models-jakarta-2.2.30.jar;C:\Users\USUARIO\.m2\repository\com\fasterxml\jackson\dataformat\jackson-dataformat-yaml\2.19.0\jackson-dataformat-yaml-2.19.0.jar;C:\Users\USUARIO\.m2\repository\org\webjars\swagger-ui\5.21.0\swagger-ui-5.21.0.jar;C:\Users\USUARIO\.m2\repository\org\webjars\webjars-locator-lite\1.1.0\webjars-locator-lite-1.1.0.jar;C:\Users\USUARIO\.m2\repository\org\jspecify\jspecify\1.0.0\jspecify-1.0.0.jar;C:\Users\USUARIO\.m2\repository\org\springframework\boot\spring-boot-starter-security\3.5.0\spring-boot-starter-security-3.5.0.jar;C:\Users\USUARIO\.m2\repository\org\springframework\spring-aop\6.2.7\spring-aop-6.2.7.jar;C:\Users\USUARIO\.m2\repository\org\springframework\security\spring-security-config\6.5.0\spring-security-config-6.5.0.jar;C:\Users\USUARIO\.m2\repository\org\springframework\security\spring-security-core\6.5.0\spring-security-core-6.5.0.jar;C:\Users\USUARIO\.m2\repository\org\springframework\security\spring-security-crypto\6.5.0\spring-security-crypto-6.5.0.jar;C:\Users\USUARIO\.m2\repository\org\springframework\security\spring-security-web\6.5.0\spring-security-web-6.5.0.jar;C:\Users\USUARIO\.m2\repository\io\jsonwebtoken\jjwt-api\0.12.3\jjwt-api-0.12.3.jar;C:\Users\USUARIO\.m2\repository\io\jsonwebtoken\jjwt-impl\0.12.3\jjwt-impl-0.12.3.jar;C:\Users\USUARIO\.m2\repository\io\jsonwebtoken\jjwt-jackson\0.12.3\jjwt-jackson-0.12.3.jar;C:\Users\USUARIO\.m2\repository\com\fasterxml\jackson\core\jackson-databind\2.19.0\jackson-databind-2.19.0.jar;C:\Users\USUARIO\.m2\repository\com\fasterxml\jackson\core\jackson-annotations\2.19.0\jackson-annotations-2.19.0.jar;C:\Users\USUARIO\.m2\repository\com\fasterxml\jackson\core\jackson-core\2.19.0\jackson-core-2.19.0.jar;C:\Users\USUARIO\.m2\repository\org\apache\commons\commons-lang3\3.12.0\commons-lang3-3.12.0.jar
Launcher Type: SUN_STANDARD

[Global flags]
     intx CICompilerCount                          = 3                                         {product} {ergonomic}
     uint ConcGCThreads                            = 2                                         {product} {ergonomic}
     uint G1ConcRefinementThreads                  = 6                                         {product} {ergonomic}
   size_t G1HeapRegionSize                         = 4194304                                   {product} {ergonomic}
   size_t InitialHeapSize                          = 402653184                                 {product} {ergonomic}
     bool ManagementServer                         = true                                      {product} {command line}
   size_t MarkStackSize                            = 4194304                                   {product} {ergonomic}
   size_t MarkStackSizeMax                         = 536870912                                 {product} {ergonomic}
   size_t MaxHeapSize                              = 6425673728                                {product} {ergonomic}
   size_t MaxNewSize                               = 3854565376                                {product} {ergonomic}
   size_t MinHeapDeltaBytes                        = 4194304                                   {product} {ergonomic}
   size_t MinHeapSize                              = 8388608                                   {product} {ergonomic}
    uintx NonNMethodCodeHeapSize                   = 4096                                   {pd product} {ergonomic}
    uintx NonProfiledCodeHeapSize                  = 0                                      {pd product} {ergonomic}
     bool ProfileInterpreter                       = false                                  {pd product} {command line}
    uintx ProfiledCodeHeapSize                     = 0                                      {pd product} {ergonomic}
   size_t SoftMaxHeapSize                          = 6425673728                             {manageable} {ergonomic}
     intx TieredStopAtLevel                        = 1                                         {product} {command line}
     bool UseCompressedOops                        = true                           {product lp64_product} {ergonomic}
     bool UseG1GC                                  = true                                      {product} {ergonomic}
     bool UseLargePagesIndividualAllocation        = false                                  {pd product} {ergonomic}

Logging:
Log output configuration:
 #0: stdout all=warning uptime,level,tags foldmultilines=false
 #1: stderr all=off uptime,level,tags foldmultilines=false

Environment Variables:
PATH=C:\Program Files\Common Files\Oracle\Java\javapath;C:\WINDOWS\system32;C:\WINDOWS;C:\WINDOWS\System32\Wbem;C:\WINDOWS\System32\WindowsPowerShell\v1.0\;C:\WINDOWS\System32\OpenSSH\;C:\Program Files\NVIDIA Corporation\NVIDIA App\NvDLISR;C:\Program Files (x86)\NVIDIA Corporation\PhysX\Common;C:\Program Files\Microsoft SQL Server\150\Tools\Binn\;C:\Program Files\Microsoft SQL Server\Client SDK\ODBC\170\Tools\Binn\;C:\Program Files\dotnet\;C:\Program Files\Git\cmd;C:\Program Files (x86)\Windows Kits\10\Windows Performance Toolkit\;C:\Program Files\nodejs\;C:\Program Files\Docker\Docker\resources\bin;C:\Program Files\Cloudflare\Cloudflare WARP\;C:\Program Files\MySQL\MySQL Shell 8.0\bin\;C:\Users\USUARIO\AppData\Local\Microsoft\WindowsApps;C:\Users\USUARIO\AppData\Local\JetBrains\Toolbox\scripts;C:\Users\USUARIO\AppData\Local\Programs\Microsoft VS Code\bin;C:\Users\USUARIO\.dotnet\tools;C:\Users\USUARIO\AppData\Roaming\npm;C:\Users\USUARIO\AppData\Local\Programs\Windsurf\bin
USERNAME=USUARIO
OS=Windows_NT
PROCESSOR_IDENTIFIER=Intel64 Family 6 Model 158 Stepping 10, GenuineIntel
TMP=C:\Users\USUARIO\AppData\Local\Temp
TEMP=C:\Users\USUARIO\AppData\Local\Temp




Periodic native trim disabled

---------------  S Y S T E M  ---------------

OS:
 Windows 11 , 64 bit Build 26100 (10.0.26100.4484)
OS uptime: 0 days 13:20 hours
Hyper-V role detected

CPU: total 6 (initial active 6) (6 cores per cpu, 1 threads per core) family 6 model 158 stepping 10 microcode 0xde, cx8, cmov, fxsr, mmx, 3dnowpref, sse, sse2, sse3, ssse3, sse4.1, sse4.2, popcnt, lzcnt, tsc, tscinvbit, avx, avx2, aes, erms, clmul, bmi1, bmi2, adx, fma, vzeroupper, clflush, clflushopt, hv, rdtscp, f16c
Processor Information for the first 6 processors :
  Max Mhz: 2904, Current Mhz: 2904, Mhz Limit: 2904

Memory: 4k page, system-wide physical 24505M (2085M free)
TotalPageFile size 98233M (AvailPageFile size 0M)
current process WorkingSet (physical memory assigned to process): 64M, peak: 64M
current process commit charge ("private bytes"): 474M, peak: 474M

vm_info: OpenJDK 64-Bit Server VM (23.0.2+7-FR) for windows-amd64 JRE (23.0.2+7-FR), built on 2025-01-07T22:59:58Z with MS VC++ 16.10 / 16.11 (VS2019)

END.
